{"/Users/cbuonocore/personal/crypto/cosmosbridge-server/src/helper.js": {"path":"/Users/cbuonocore/personal/crypto/cosmosbridge-server/src/helper.js","statementMap":{"0":{"start":{"line":1,"column":16},"end":{"line":207,"column":4}},"1":{"start":{"line":2,"column":19},"end":{"line":2,"column":36}},"2":{"start":{"line":4,"column":28},"end":{"line":4,"column":38}},"3":{"start":{"line":6,"column":15},"end":{"line":6,"column":28}},"4":{"start":{"line":7,"column":19},"end":{"line":7,"column":36}},"5":{"start":{"line":9,"column":20},"end":{"line":9,"column":38}},"6":{"start":{"line":10,"column":25},"end":{"line":10,"column":45}},"7":{"start":{"line":11,"column":23},"end":{"line":11,"column":41}},"8":{"start":{"line":13,"column":18},"end":{"line":13,"column":34}},"9":{"start":{"line":16,"column":27},"end":{"line":16,"column":67}},"10":{"start":{"line":17,"column":19},"end":{"line":21,"column":6}},"11":{"start":{"line":25,"column":6},"end":{"line":25,"column":34}},"12":{"start":{"line":28,"column":4},"end":{"line":28,"column":66}},"13":{"start":{"line":39,"column":29},"end":{"line":42,"column":10}},"14":{"start":{"line":43,"column":24},"end":{"line":43,"column":56}},"15":{"start":{"line":44,"column":24},"end":{"line":44,"column":56}},"16":{"start":{"line":51,"column":24},"end":{"line":51,"column":87}},"17":{"start":{"line":52,"column":24},"end":{"line":55,"column":9}},"18":{"start":{"line":59,"column":20},"end":{"line":59,"column":62}},"19":{"start":{"line":62,"column":20},"end":{"line":62,"column":27}},"20":{"start":{"line":65,"column":20},"end":{"line":65,"column":54}},"21":{"start":{"line":68,"column":26},"end":{"line":68,"column":57}},"22":{"start":{"line":69,"column":8},"end":{"line":69,"column":31}},"23":{"start":{"line":70,"column":8},"end":{"line":70,"column":25}},"24":{"start":{"line":78,"column":8},"end":{"line":78,"column":33}},"25":{"start":{"line":79,"column":8},"end":{"line":83,"column":9}},"26":{"start":{"line":80,"column":12},"end":{"line":80,"column":52}},"27":{"start":{"line":81,"column":12},"end":{"line":81,"column":50}},"28":{"start":{"line":82,"column":12},"end":{"line":82,"column":23}},"29":{"start":{"line":84,"column":8},"end":{"line":84,"column":20}},"30":{"start":{"line":88,"column":23},"end":{"line":88,"column":49}},"31":{"start":{"line":89,"column":8},"end":{"line":89,"column":22}},"32":{"start":{"line":93,"column":29},"end":{"line":93,"column":74}},"33":{"start":{"line":95,"column":35},"end":{"line":95,"column":81}},"34":{"start":{"line":95,"column":65},"end":{"line":95,"column":80}},"35":{"start":{"line":96,"column":29},"end":{"line":98,"column":94}},"36":{"start":{"line":97,"column":8},"end":{"line":98,"column":93}},"37":{"start":{"line":97,"column":38},"end":{"line":97,"column":82}},"38":{"start":{"line":98,"column":40},"end":{"line":98,"column":77}},"39":{"start":{"line":99,"column":6},"end":{"line":99,"column":62}},"40":{"start":{"line":103,"column":21},"end":{"line":103,"column":52}},"41":{"start":{"line":104,"column":26},"end":{"line":104,"column":36}},"42":{"start":{"line":106,"column":23},"end":{"line":106,"column":24}},"43":{"start":{"line":107,"column":24},"end":{"line":107,"column":37}},"44":{"start":{"line":108,"column":8},"end":{"line":112,"column":11}},"45":{"start":{"line":109,"column":12},"end":{"line":111,"column":13}},"46":{"start":{"line":110,"column":16},"end":{"line":110,"column":38}},"47":{"start":{"line":114,"column":28},"end":{"line":118,"column":9}},"48":{"start":{"line":120,"column":8},"end":{"line":120,"column":27}},"49":{"start":{"line":128,"column":8},"end":{"line":128,"column":95}},"50":{"start":{"line":132,"column":8},"end":{"line":134,"column":9}},"51":{"start":{"line":133,"column":12},"end":{"line":133,"column":39}},"52":{"start":{"line":135,"column":8},"end":{"line":135,"column":17}},"53":{"start":{"line":143,"column":8},"end":{"line":145,"column":9}},"54":{"start":{"line":144,"column":12},"end":{"line":144,"column":36}},"55":{"start":{"line":146,"column":8},"end":{"line":146,"column":72}},"56":{"start":{"line":147,"column":8},"end":{"line":147,"column":81}},"57":{"start":{"line":154,"column":8},"end":{"line":156,"column":9}},"58":{"start":{"line":155,"column":12},"end":{"line":155,"column":37}},"59":{"start":{"line":158,"column":8},"end":{"line":161,"column":9}},"60":{"start":{"line":159,"column":12},"end":{"line":159,"column":66}},"61":{"start":{"line":160,"column":12},"end":{"line":160,"column":19}},"62":{"start":{"line":163,"column":8},"end":{"line":163,"column":65}},"63":{"start":{"line":164,"column":8},"end":{"line":164,"column":39}},"64":{"start":{"line":172,"column":8},"end":{"line":178,"column":9}},"65":{"start":{"line":173,"column":23},"end":{"line":173,"column":69}},"66":{"start":{"line":174,"column":12},"end":{"line":174,"column":22}},"67":{"start":{"line":176,"column":12},"end":{"line":176,"column":70}},"68":{"start":{"line":177,"column":12},"end":{"line":177,"column":56}},"69":{"start":{"line":182,"column":26},"end":{"line":182,"column":50}},"70":{"start":{"line":183,"column":19},"end":{"line":183,"column":64}},"71":{"start":{"line":185,"column":8},"end":{"line":189,"column":9}},"72":{"start":{"line":186,"column":12},"end":{"line":186,"column":63}},"73":{"start":{"line":188,"column":12},"end":{"line":188,"column":87}},"74":{"start":{"line":190,"column":8},"end":{"line":190,"column":18}},"75":{"start":{"line":193,"column":4},"end":{"line":205,"column":6}},"76":{"start":{"line":208,"column":0},"end":{"line":208,"column":25}}},"fnMap":{"0":{"name":"(anonymous_0)","decl":{"start":{"line":1,"column":17},"end":{"line":1,"column":18}},"loc":{"start":{"line":1,"column":29},"end":{"line":207,"column":1}},"line":1},"1":{"name":"getInitialMasterWalletAddress","decl":{"start":{"line":23,"column":13},"end":{"line":23,"column":42}},"loc":{"start":{"line":23,"column":45},"end":{"line":26,"column":5}},"line":23},"2":{"name":"creditBitcoinToReceiver","decl":{"start":{"line":38,"column":19},"end":{"line":38,"column":42}},"loc":{"start":{"line":38,"column":90},"end":{"line":71,"column":5}},"line":38},"3":{"name":"microTransact","decl":{"start":{"line":77,"column":13},"end":{"line":77,"column":26}},"loc":{"start":{"line":77,"column":65},"end":{"line":85,"column":5}},"line":77},"4":{"name":"getBitcoinTransaction","decl":{"start":{"line":87,"column":19},"end":{"line":87,"column":40}},"loc":{"start":{"line":87,"column":49},"end":{"line":90,"column":5}},"line":87},"5":{"name":"getFirstDepositTxIdForAddress","decl":{"start":{"line":92,"column":19},"end":{"line":92,"column":48}},"loc":{"start":{"line":92,"column":82},"end":{"line":100,"column":5}},"line":92},"6":{"name":"(anonymous_6)","decl":{"start":{"line":95,"column":55},"end":{"line":95,"column":56}},"loc":{"start":{"line":95,"column":65},"end":{"line":95,"column":80}},"line":95},"7":{"name":"(anonymous_7)","decl":{"start":{"line":96,"column":55},"end":{"line":96,"column":56}},"loc":{"start":{"line":97,"column":8},"end":{"line":98,"column":93}},"line":97},"8":{"name":"(anonymous_8)","decl":{"start":{"line":97,"column":24},"end":{"line":97,"column":25}},"loc":{"start":{"line":97,"column":38},"end":{"line":97,"column":82}},"line":97},"9":{"name":"(anonymous_9)","decl":{"start":{"line":98,"column":25},"end":{"line":98,"column":26}},"loc":{"start":{"line":98,"column":40},"end":{"line":98,"column":77}},"line":98},"10":{"name":"processDepositTransaction","decl":{"start":{"line":102,"column":13},"end":{"line":102,"column":38}},"loc":{"start":{"line":102,"column":58},"end":{"line":121,"column":5}},"line":102},"11":{"name":"(anonymous_11)","decl":{"start":{"line":108,"column":20},"end":{"line":108,"column":21}},"loc":{"start":{"line":108,"column":32},"end":{"line":112,"column":9}},"line":108},"12":{"name":"hasSufficientBalance","decl":{"start":{"line":127,"column":13},"end":{"line":127,"column":33}},"loc":{"start":{"line":127,"column":54},"end":{"line":129,"column":5}},"line":127},"13":{"name":"getBalance","decl":{"start":{"line":131,"column":13},"end":{"line":131,"column":23}},"loc":{"start":{"line":131,"column":36},"end":{"line":136,"column":5}},"line":131},"14":{"name":"addBalance","decl":{"start":{"line":142,"column":13},"end":{"line":142,"column":23}},"loc":{"start":{"line":142,"column":44},"end":{"line":148,"column":5}},"line":142},"15":{"name":"deposit","decl":{"start":{"line":153,"column":13},"end":{"line":153,"column":20}},"loc":{"start":{"line":153,"column":47},"end":{"line":165,"column":5}},"line":153},"16":{"name":"payout","decl":{"start":{"line":171,"column":19},"end":{"line":171,"column":25}},"loc":{"start":{"line":171,"column":46},"end":{"line":179,"column":5}},"line":171},"17":{"name":"payoutBitcoinBalance","decl":{"start":{"line":181,"column":19},"end":{"line":181,"column":39}},"loc":{"start":{"line":181,"column":66},"end":{"line":191,"column":5}},"line":181}},"branchMap":{"0":{"loc":{"start":{"line":79,"column":8},"end":{"line":83,"column":9}},"type":"if","locations":[{"start":{"line":79,"column":8},"end":{"line":83,"column":9}},{"start":{"line":79,"column":8},"end":{"line":83,"column":9}}],"line":79},"1":{"loc":{"start":{"line":97,"column":8},"end":{"line":98,"column":93}},"type":"binary-expr","locations":[{"start":{"line":97,"column":9},"end":{"line":97,"column":97}},{"start":{"line":98,"column":9},"end":{"line":98,"column":92}}],"line":97},"2":{"loc":{"start":{"line":99,"column":13},"end":{"line":99,"column":61}},"type":"cond-expr","locations":[{"start":{"line":99,"column":30},"end":{"line":99,"column":49}},{"start":{"line":99,"column":52},"end":{"line":99,"column":61}}],"line":99},"3":{"loc":{"start":{"line":109,"column":12},"end":{"line":111,"column":13}},"type":"if","locations":[{"start":{"line":109,"column":12},"end":{"line":111,"column":13}},{"start":{"line":109,"column":12},"end":{"line":111,"column":13}}],"line":109},"4":{"loc":{"start":{"line":128,"column":16},"end":{"line":128,"column":93}},"type":"binary-expr","locations":[{"start":{"line":128,"column":16},"end":{"line":128,"column":50}},{"start":{"line":128,"column":54},"end":{"line":128,"column":93}}],"line":128},"5":{"loc":{"start":{"line":132,"column":8},"end":{"line":134,"column":9}},"type":"if","locations":[{"start":{"line":132,"column":8},"end":{"line":134,"column":9}},{"start":{"line":132,"column":8},"end":{"line":134,"column":9}}],"line":132},"6":{"loc":{"start":{"line":143,"column":8},"end":{"line":145,"column":9}},"type":"if","locations":[{"start":{"line":143,"column":8},"end":{"line":145,"column":9}},{"start":{"line":143,"column":8},"end":{"line":145,"column":9}}],"line":143},"7":{"loc":{"start":{"line":154,"column":8},"end":{"line":156,"column":9}},"type":"if","locations":[{"start":{"line":154,"column":8},"end":{"line":156,"column":9}},{"start":{"line":154,"column":8},"end":{"line":156,"column":9}}],"line":154},"8":{"loc":{"start":{"line":158,"column":8},"end":{"line":161,"column":9}},"type":"if","locations":[{"start":{"line":158,"column":8},"end":{"line":161,"column":9}},{"start":{"line":158,"column":8},"end":{"line":161,"column":9}}],"line":158},"9":{"loc":{"start":{"line":172,"column":8},"end":{"line":178,"column":9}},"type":"if","locations":[{"start":{"line":172,"column":8},"end":{"line":178,"column":9}},{"start":{"line":172,"column":8},"end":{"line":178,"column":9}}],"line":172},"10":{"loc":{"start":{"line":185,"column":8},"end":{"line":189,"column":9}},"type":"if","locations":[{"start":{"line":185,"column":8},"end":{"line":189,"column":9}},{"start":{"line":185,"column":8},"end":{"line":189,"column":9}}],"line":185}},"s":{"0":1,"1":1,"2":1,"3":1,"4":1,"5":1,"6":1,"7":1,"8":1,"9":1,"10":1,"11":1,"12":1,"13":0,"14":0,"15":0,"16":0,"17":0,"18":0,"19":0,"20":0,"21":0,"22":0,"23":0,"24":4,"25":4,"26":2,"27":2,"28":2,"29":2,"30":0,"31":0,"32":0,"33":0,"34":0,"35":0,"36":0,"37":0,"38":0,"39":0,"40":0,"41":0,"42":0,"43":0,"44":0,"45":0,"46":0,"47":0,"48":0,"49":6,"50":2,"51":1,"52":1,"53":14,"54":4,"55":14,"56":14,"57":0,"58":0,"59":0,"60":0,"61":0,"62":0,"63":0,"64":0,"65":0,"66":0,"67":0,"68":0,"69":0,"70":0,"71":0,"72":0,"73":0,"74":0,"75":1,"76":1},"f":{"0":1,"1":1,"2":0,"3":4,"4":0,"5":0,"6":0,"7":0,"8":0,"9":0,"10":0,"11":0,"12":6,"13":2,"14":14,"15":0,"16":0,"17":0},"b":{"0":[2,2],"1":[0,0],"2":[0,0],"3":[0,0],"4":[6,6],"5":[1,1],"6":[4,10],"7":[0,0],"8":[0,0],"9":[0,0],"10":[0,0]},"_coverageSchema":"332fd63041d2c1bcb487cc26dd0d5f7d97098a6c","hash":"dc674fe9bf273562ba0619b6f4bbf972b3f4f914"}
}
