TN:
SF:/Users/cbuonocore/personal/crypto/cosmosbridge-server/src/helper.js
FN:1,(anonymous_0)
FN:23,getInitialMasterWalletAddress
FN:38,creditBitcoinToReceiver
FN:77,microTransact
FN:87,getBitcoinTransaction
FN:92,getFirstDepositTxIdForAddress
FN:95,(anonymous_6)
FN:96,(anonymous_7)
FN:97,(anonymous_8)
FN:98,(anonymous_9)
FN:102,processDepositTransaction
FN:108,(anonymous_11)
FN:127,hasSufficientBalance
FN:131,getBalance
FN:142,addBalance
FN:153,deposit
FN:171,payout
FN:181,payoutBitcoinBalance
FNF:18
FNH:6
FNDA:1,(anonymous_0)
FNDA:1,getInitialMasterWalletAddress
FNDA:0,creditBitcoinToReceiver
FNDA:4,microTransact
FNDA:0,getBitcoinTransaction
FNDA:0,getFirstDepositTxIdForAddress
FNDA:0,(anonymous_6)
FNDA:0,(anonymous_7)
FNDA:0,(anonymous_8)
FNDA:0,(anonymous_9)
FNDA:0,processDepositTransaction
FNDA:0,(anonymous_11)
FNDA:6,hasSufficientBalance
FNDA:2,getBalance
FNDA:14,addBalance
FNDA:0,deposit
FNDA:0,payout
FNDA:0,payoutBitcoinBalance
DA:1,1
DA:2,1
DA:4,1
DA:6,1
DA:7,1
DA:9,1
DA:10,1
DA:11,1
DA:13,1
DA:16,1
DA:17,1
DA:25,1
DA:28,1
DA:39,0
DA:43,0
DA:44,0
DA:51,0
DA:52,0
DA:59,0
DA:62,0
DA:65,0
DA:68,0
DA:69,0
DA:70,0
DA:78,4
DA:79,4
DA:80,2
DA:81,2
DA:82,2
DA:84,2
DA:88,0
DA:89,0
DA:93,0
DA:95,0
DA:96,0
DA:97,0
DA:98,0
DA:99,0
DA:103,0
DA:104,0
DA:106,0
DA:107,0
DA:108,0
DA:109,0
DA:110,0
DA:114,0
DA:120,0
DA:128,6
DA:132,2
DA:133,1
DA:135,1
DA:143,14
DA:144,4
DA:146,14
DA:147,14
DA:154,0
DA:155,0
DA:158,0
DA:159,0
DA:160,0
DA:163,0
DA:164,0
DA:172,0
DA:173,0
DA:174,0
DA:176,0
DA:177,0
DA:182,0
DA:183,0
DA:185,0
DA:186,0
DA:188,0
DA:190,0
DA:193,1
DA:208,1
LF:75
LH:29
BRDA:79,0,0,2
BRDA:79,0,1,2
BRDA:97,1,0,0
BRDA:97,1,1,0
BRDA:99,2,0,0
BRDA:99,2,1,0
BRDA:109,3,0,0
BRDA:109,3,1,0
BRDA:128,4,0,6
BRDA:128,4,1,6
BRDA:132,5,0,1
BRDA:132,5,1,1
BRDA:143,6,0,4
BRDA:143,6,1,10
BRDA:154,7,0,0
BRDA:154,7,1,0
BRDA:158,8,0,0
BRDA:158,8,1,0
BRDA:172,9,0,0
BRDA:172,9,1,0
BRDA:185,10,0,0
BRDA:185,10,1,0
BRF:22
BRH:8
end_of_record
